a:\school\game engine development 2\assignments\game3015_a1\game3015_a1\a1\x64\debug\vc142.pdb
a:\school\game engine development 2\assignments\game3015_a1\game3015_a1\a1\x64\debug\vc142.idb
a:\school\game engine development 2\assignments\game3015_a1\game3015_a1\a1\x64\debug\scenenode.obj
a:\school\game engine development 2\assignments\game3015_a1\game3015_a1\a1\x64\debug\references.obj
a:\school\game engine development 2\assignments\game3015_a1\game3015_a1\a1\x64\debug\player.obj
a:\school\game engine development 2\assignments\game3015_a1\game3015_a1\a1\x64\debug\pausestate.obj
a:\school\game engine development 2\assignments\game3015_a1\game3015_a1\a1\x64\debug\menustate.obj
a:\school\game engine development 2\assignments\game3015_a1\game3015_a1\a1\x64\debug\main.obj
a:\school\game engine development 2\assignments\game3015_a1\game3015_a1\a1\x64\debug\gamestate.obj
a:\school\game engine development 2\assignments\game3015_a1\game3015_a1\a1\x64\debug\game.obj
a:\school\game engine development 2\assignments\game3015_a1\game3015_a1\a1\x64\debug\frameresource.obj
a:\school\game engine development 2\assignments\game3015_a1\game3015_a1\a1\x64\debug\entity.obj
a:\school\game engine development 2\assignments\game3015_a1\game3015_a1\a1\x64\debug\mathhelper.obj
a:\school\game engine development 2\assignments\game3015_a1\game3015_a1\a1\x64\debug\geometrygenerator.obj
a:\school\game engine development 2\assignments\game3015_a1\game3015_a1\a1\x64\debug\gametimer.obj
a:\school\game engine development 2\assignments\game3015_a1\game3015_a1\a1\x64\debug\ddstextureloader.obj
a:\school\game engine development 2\assignments\game3015_a1\game3015_a1\a1\x64\debug\d3dutil.obj
a:\school\game engine development 2\assignments\game3015_a1\game3015_a1\a1\x64\debug\d3dapp.obj
a:\school\game engine development 2\assignments\game3015_a1\game3015_a1\a1\x64\debug\camera.obj
a:\school\game engine development 2\assignments\game3015_a1\game3015_a1\a1\x64\debug\commandqueue.obj
a:\school\game engine development 2\assignments\game3015_a1\game3015_a1\a1\x64\debug\command.obj
a:\school\game engine development 2\assignments\game3015_a1\game3015_a1\a1\x64\debug\aircraft.obj
a:\school\game engine development 2\assignments\game3015_a1\game3015_a1\a1\x64\debug\world.obj
a:\school\game engine development 2\assignments\game3015_a1\game3015_a1\a1\x64\debug\titlestate.obj
a:\school\game engine development 2\assignments\game3015_a1\game3015_a1\a1\x64\debug\statestack.obj
a:\school\game engine development 2\assignments\game3015_a1\game3015_a1\a1\x64\debug\state.obj
a:\school\game engine development 2\assignments\game3015_a1\game3015_a1\a1\x64\debug\spritenode.obj
a:\school\game engine development 2\assignments\game3015_a1\game3015_a1\a1\x64\debug\a1.ilk
a:\school\game engine development 2\assignments\game3015_a1\game3015_a1\a1\x64\debug\a1.exe
a:\school\game engine development 2\assignments\game3015_a1\game3015_a1\a1\x64\debug\a1.pdb
a:\school\game engine development 2\assignments\game3015_a1\game3015_a1\a1\x64\debug\a1.tlog\cl.command.1.tlog
a:\school\game engine development 2\assignments\game3015_a1\game3015_a1\a1\x64\debug\a1.tlog\cl.read.1.tlog
a:\school\game engine development 2\assignments\game3015_a1\game3015_a1\a1\x64\debug\a1.tlog\cl.write.1.tlog
a:\school\game engine development 2\assignments\game3015_a1\game3015_a1\a1\x64\debug\a1.tlog\link.command.1.tlog
a:\school\game engine development 2\assignments\game3015_a1\game3015_a1\a1\x64\debug\a1.tlog\link.read.1.tlog
a:\school\game engine development 2\assignments\game3015_a1\game3015_a1\a1\x64\debug\a1.tlog\link.write.1.tlog
